* Hostname was NOT found in DNS cache
*   Trying ::1...
* Connected to localhost (::1) port 8080 (#0)
* Server auth using Basic with user 'admin'
> POST /geoserver/rest/workspaces HTTP/1.1
Authorization: Basic YWRtaW46Z2Vvc2VydmVy
Host: localhost:8080
Accept: */*
Content-type: application/xml
Content-Length: 48

* upload completely sent off: 48 out of 48 bytes
< HTTP/1.1 500 Internal Server Error
< Content-Type: text/plain
< Transfer-Encoding: chunked
* Server Jetty(6.1.8) is not blacklisted
< Server: Jetty(6.1.8)
< 
* Connection #0 to host localhost left intact
# Unsuccessful cURL request to http://localhost:8080/geoserver/rest/workspaces [500]
:Workspace named 'Robert_Ohuru' already exists.
